DeveloperHeadlines/cptr/build/intermediates/manifest_merge_blame_file/debug/manifest-merger-blame-debug-report.txt
1<?xml version="1.0" encoding="utf-8"?>
2<manifest xmlns:android="http://schemas.android.com/apk/res/android"
3    package="com.chanven.lib.cptr"
4    android:versionCode="1"
5    android:versionName="1.0" >
6
7    <uses-sdk android:minSdkVersion="8" />
7-->DeveloperHeadlines/cptr/AndroidManifest.xml
8
9    <application
9-->DeveloperHeadlines/cptr/AndroidManifest.xml:6:5-9:19
10        android:allowBackup="true"
10-->DeveloperHeadlines/cptr/AndroidManifest.xml:7:9-35
11        android:label="@string/app_name" >
11-->DeveloperHeadlines/cptr/AndroidManifest.xml:8:9-41
12    </application>
13
14</manifest>